src/app/admin/agents/page.tsx(420,104): error TS2304: Cannot find name 't'.
src/app/admin/agents/page.tsx(422,58): error TS2304: Cannot find name 't'.
src/app/admin/agents/page.tsx(427,145): error TS2304: Cannot find name 't'.
src/app/admin/agents/page.tsx(429,66): error TS2304: Cannot find name 't'.
src/app/admin/agents/page.tsx(433,145): error TS2304: Cannot find name 't'.
src/app/admin/agents/page.tsx(435,66): error TS2304: Cannot find name 't'.
src/components/ai/ai-agents-panel.tsx(121,97): error TS2769: No overload matches this call.
  The last overload gave the following error.
    Object literal may only specify known properties, and 'className' does not exist in type 'Partial<unknown> & Attributes'.
src/services/ai/vector-store.ts(1,36): error TS2724: '"chromadb"' has no exported member named 'OpenAIEmbeddingFunction'. Did you mean 'EmbeddingFunction'?
src/services/ai/vector-store.ts(138,31): error TS2531: Object is possibly 'null'.
src/services/compliance/compliance-monitor.ts(52,48): error TS2339: Property 'regulations' does not exist on type '{ compliant: boolean; violations: string[]; recommendations: string[]; relevantRegulations: RegulatoryContext[]; }'.
